Arguments: 
  E:\Software\node\nj\node.exe C:\Users\李雯雯\AppData\Roaming\npm\node_modules\yarn\bin\yarn.js

PATH: 
  C:\Program Files (x86)\Common Files\Oracle\Java\javapath;C:\Program Files\Common Files\Oracle\Java\javapath;D:\java\jdk\bin;D:\Java11\Tomcat\apache-tomcat-9.0.54\bin;D:\Java11\Tomcat\apache-tomcat-9.0.54\lib;%JAVA_HOME%\bin;%JAVA_HOME%\jre\bin;C:\WINDOWS\system32;C:\Program Files\MySQL\MySQL Server 8.0\bin;C:\Program Files (x86)\NVIDIA Corporation\PhysX\Common;D:\android\Android_SDK\platform-tools;C:\Program Files\dotnet\;E:\python\A\Library\migw-w64\bin;C:\Program Files\Go\bin;C:\Program Files\Go\bin;C:\Program Files\Go;\bin;E:\Software\node\nj\;C:\ProgramData\chocolatey\bin;C:\Program Files\Docker\Docker\resources\bin;C:\ProgramData\DockerDesktop\version-bin;E:\Software\git\Git\cmd;E:\Software\redis\;E:\Software\TGIT\New Folder\bin;C:\Windows\system32\WindowsPowerShell\v1.0;C:\Program Files\MySQL\MySQL Shell 8.0\bin\;D:\mysql\mysql-8.0.23-winx64\mysql-8.0.23-winx64\bin;C:\Program Files\nodejs\;D:\java\jdk\bin;C:\Program Files\Common Files\Oracle\Java\javapath;D:\Microsoft VS Code\bin;D:\idea2021.1.1\IntelliJ IDEA 2021.1.1\bin;;C:\Users\李雯雯\AppData\Local\Programs\Python\Python39\Scripts;C:\Users\李雯雯\go\bin;E:\Goland\GoLand 2020.2.4\bin;;C:\Program Files\Go\bin;C:\Users\李雯雯\AppData\Roaming\npm

Yarn version: 
  1.22.19

Node version: 
  16.15.1

Platform: 
  win32 x64

Trace: 
  Error: getaddrinfo ENOTFOUND registry.npm.taobao.org
      at GetAddrInfoReqWrap.onlookup [as oncomplete] (node:dns:71:26)

npm manifest: 
  {
    "name": "hardhat-project",
    "scripts": {
      "compile": "npx hardhat compile",
      "localnode": "npx hardhat node",
      "deploy": "npx hardhat run scripts/deploy.ts",
      "test": "npx hardhat test"
    },
    "dependencies": {
      "@nomicfoundation/hardhat-chai-matchers": "^1.0.4",
      "@nomicfoundation/hardhat-network-helpers": "^1.0.6",
      "@nomicfoundation/hardhat-toolbox": "^2.0.0",
      "@nomiclabs/hardhat-ethers": "^2.2.1",
      "@nomiclabs/hardhat-etherscan": "^3.1.2",
      "@openzeppelin/contracts": "^4.7.3",
      "@typechain/ethers-v5": "^10.1.0",
      "@typechain/hardhat": "^6.1.3",
      "chai": "^4.3.6",
      "hardhat": "^2.12.1",
      "hardhat-gas-reporter": "^1.0.9",
      "solidity-coverage": "^0.8.2",
      "typechain": "^8.1.0"
    },
    "devDependencies": {
      "@types/jest": "^29.2.1",
      "ethers": "^5.7.2",
      "hardhat-deploy-ethers": "^0.3.0-beta.13",
      "ts-node": "^10.9.1",
      "typescript": "^4.8.4"
    }
  }

yarn manifest: 
  No manifest

Lockfile: 
  No lockfile
